<?xml version="1.0" encoding="UTF-8"?>
<robot generator="Robot 4.1 (Python 3.8.5 on darwin)" generated="20210816 12:53:09.447" rpa="false" schemaversion="2">
<suite id="s1" name="Home Page Test" source="/Users/anujteotia/Desktop/assignment-rf-selenium-pom/assignment-rf-selenium-pom/Tests/home_page_test.robot">
<test id="s1-t1" name="Validate Home Page">
<kw name="Given I Open '${site_url}' in '${browser}' Browser" library="common_keywords" sourcename="I Open '${url}' in '${browser}' Browser">
<doc>This keyword opens given url in the browser of the choice.</doc>
<kw name="Set Executable Path For Different Platforms" library="common_keywords">
<var>${webdriver_exe}</var>
<arg>${browser}</arg>
<doc>This keyword sets the driver executable according to the platform i.e. Windows/MacOS</doc>
<kw name="Evaluate" library="BuiltIn">
<var>${system}</var>
<arg>platform.system()</arg>
<arg>platform</arg>
<doc>Evaluates the given expression in Python and returns the result.</doc>
<msg timestamp="20210816 12:53:10.823" level="INFO">${system} = Darwin</msg>
<status status="PASS" starttime="20210816 12:53:10.822" endtime="20210816 12:53:10.823"/>
</kw>
<kw name="Run Keyword If" library="BuiltIn">
<var>${webdriver_exe}</var>
<arg>'${system}'.lower() == 'windows'</arg>
<arg>Set Web Driver Executable Path For Windows</arg>
<arg>${browser}</arg>
<arg>ELSE IF</arg>
<arg>'${system}'.lower() == 'darwin'</arg>
<arg>Set Web Driver Executable Path For MacOS</arg>
<arg>${browser}</arg>
<doc>Runs the given keyword with the given arguments, if ``condition`` is true.</doc>
<kw name="Set Web Driver Executable Path For MacOS" library="common_keywords">
<arg>${browser}</arg>
<doc>This keyword sets the path for driver executable</doc>
<kw name="Run Keyword If" library="BuiltIn">
<var>${webdriver_exe}</var>
<arg>'${browser}'.lower() == 'chromium'</arg>
<arg>Set Variable</arg>
<arg>${mac_chrome_driver_exe}</arg>
<arg>ELSE IF</arg>
<arg>'${browser}'.lower() == 'firefox'</arg>
<arg>Set Variable</arg>
<arg>${mac_firefox_driver_exe}</arg>
<doc>Runs the given keyword with the given arguments, if ``condition`` is true.</doc>
<kw name="Set Variable" library="BuiltIn">
<arg>${mac_chrome_driver_exe}</arg>
<doc>Returns the given values which can then be assigned to a variables.</doc>
<status status="PASS" starttime="20210816 12:53:10.824" endtime="20210816 12:53:10.824"/>
</kw>
<msg timestamp="20210816 12:53:10.825" level="INFO">${webdriver_exe} = ${OUTPUTDIR}/WebDrivers/chromedriver</msg>
<status status="PASS" starttime="20210816 12:53:10.824" endtime="20210816 12:53:10.825"/>
</kw>
<kw name="Should Not Be Empty" library="BuiltIn">
<arg>${webdriver_exe}</arg>
<arg>msg=Unable to set the path for webdriver executable.</arg>
<doc>Verifies that the given item is not empty.</doc>
<msg timestamp="20210816 12:53:10.825" level="INFO">Length is 36</msg>
<status status="PASS" starttime="20210816 12:53:10.825" endtime="20210816 12:53:10.825"/>
</kw>
<status status="PASS" starttime="20210816 12:53:10.823" endtime="20210816 12:53:10.825"/>
</kw>
<msg timestamp="20210816 12:53:10.825" level="INFO">${webdriver_exe} = ${OUTPUTDIR}/WebDrivers/chromedriver</msg>
<status status="PASS" starttime="20210816 12:53:10.823" endtime="20210816 12:53:10.825"/>
</kw>
<kw name="Should Not Be Empty" library="BuiltIn">
<arg>${webdriver_exe}</arg>
<arg>msg=Unable to set the path for webdriver executable.</arg>
<doc>Verifies that the given item is not empty.</doc>
<msg timestamp="20210816 12:53:10.826" level="INFO">Length is 36</msg>
<status status="PASS" starttime="20210816 12:53:10.826" endtime="20210816 12:53:10.826"/>
</kw>
<msg timestamp="20210816 12:53:10.826" level="INFO">${webdriver_exe} = ${OUTPUTDIR}/WebDrivers/chromedriver</msg>
<status status="PASS" starttime="20210816 12:53:10.822" endtime="20210816 12:53:10.826"/>
</kw>
<kw name="New Browser" library="Browser">
<arg>browser=${browser}</arg>
<arg>headless=${headless_driver}</arg>
<tag>BrowserControl</tag>
<tag>Setter</tag>
<doc>Create a new playwright Browser with specified options.
See `Browser, Context and Page` for more information about Browser and related concepts.</doc>
<msg timestamp="20210816 12:53:10.827" level="INFO">{"browser": "chromium", "headless": false, "handleSIGINT": true, "handleSIGTERM": true, "handleSIGHUP": true, "timeout": 30000.0, "devtools": false, "slowMo": 0.0, "tracesDir": "/Users/anujteotia/Desktop/assignment-rf-selenium-pom/assignment-rf-selenium-pom/browser/traces/34820204-6ce6-4389-8755-164cbac0d618"}</msg>
<msg timestamp="20210816 12:53:11.746" level="INFO">Successfully created browser with options: {"browser":"chromium","headless":false,"handleSIGINT":true,"handleSIGTERM":true,"handleSIGHUP":true,"timeout":30000,"devtools":false,"slowMo":0,"tracesDir":"/Users/anujteotia/Desktop/assignment-rf-selenium-pom/assignment-rf-selenium-pom/browser/traces/34820204-6ce6-4389-8755-164cbac0d618"}</msg>
<status status="PASS" starttime="20210816 12:53:10.826" endtime="20210816 12:53:11.746"/>
</kw>
<kw name="Set Browser Timeout" library="Browser">
<arg>${browser_timeout}</arg>
<tag>Config</tag>
<tag>Setter</tag>
<doc>Sets the timeout used by most input and getter keywords.</doc>
<msg timestamp="20210816 12:53:11.753" level="INFO">No context open.</msg>
<status status="PASS" starttime="20210816 12:53:11.747" endtime="20210816 12:53:11.753"/>
</kw>
<kw name="New Context" library="Browser">
<arg>httpCredentials={'username': '$basic_auth_user', 'password': '$basic_auth_pwd'}</arg>
<tag>BrowserControl</tag>
<tag>Setter</tag>
<doc>Create a new BrowserContext with specified options.</doc>
<msg timestamp="20210816 12:53:11.755" level="INFO">{"acceptDownloads": false, "ignoreHTTPSErrors": false, "bypassCSP": false, "deviceScaleFactor": 1.0, "isMobile": false, "hasTouch": false, "javaScriptEnabled": true, "offline": false, "httpCredentials": "XXX", "hideRfBrowser": false}</msg>
<msg timestamp="20210816 12:53:11.817" level="INFO">Successfully created context. </msg>
<msg timestamp="20210816 12:53:11.817" level="INFO">{'acceptDownloads': False, 'ignoreHTTPSErrors': False, 'bypassCSP': False, 'deviceScaleFactor': 1, 'isMobile': False, 'hasTouch': False, 'javaScriptEnabled': True, 'offline': False, 'httpCredentials': 'XXX', 'hideRfBrowser': False}</msg>
<status status="PASS" starttime="20210816 12:53:11.753" endtime="20210816 12:53:11.818"/>
</kw>
<kw name="New Page" library="Browser">
<arg>${url}</arg>
<tag>BrowserControl</tag>
<tag>Setter</tag>
<doc>Open a new Page. A Page is the Playwright equivalent to a tab.
See `Browser, Context and Page` for more information about Page concept.
Returns a stable identifier for the created page.</doc>
<msg timestamp="20210816 12:53:14.235" level="INFO">Successfully initialized new page object and opened url: https://qa-task.backbasecloud.com</msg>
<status status="PASS" starttime="20210816 12:53:11.818" endtime="20210816 12:53:14.235"/>
</kw>
<kw name="Sleep" library="BuiltIn">
<arg>${sleep_time}</arg>
<doc>Pauses the test executed for the given time.</doc>
<msg timestamp="20210816 12:53:19.237" level="INFO">Slept 5 seconds</msg>
<status status="PASS" starttime="20210816 12:53:14.236" endtime="20210816 12:53:19.237"/>
</kw>
<status status="PASS" starttime="20210816 12:53:10.821" endtime="20210816 12:53:19.238"/>
</kw>
<kw name="Then Validate Title In Home Page" library="home_page_keywords">
<doc>This keyword validates tile of the home page</doc>
<kw name="Get Title" library="Browser">
<var>${title}</var>
<arg>assertion_operator=should be</arg>
<arg>assertion_expected=Conduit</arg>
<arg>message=Unable to open Conduit homepage.</arg>
<tag>Assertion</tag>
<tag>Getter</tag>
<tag>PageContent</tag>
<doc>Returns the title of the current page.</doc>
<msg timestamp="20210816 12:53:19.253" level="INFO">${title} = Conduit</msg>
<status status="PASS" starttime="20210816 12:53:19.240" endtime="20210816 12:53:19.253"/>
</kw>
<kw name="Log" library="BuiltIn">
<arg>${title}</arg>
<doc>Logs the given message with the given level.</doc>
<msg timestamp="20210816 12:53:19.254" level="INFO">Conduit</msg>
<status status="PASS" starttime="20210816 12:53:19.253" endtime="20210816 12:53:19.254"/>
</kw>
<status status="PASS" starttime="20210816 12:53:19.239" endtime="20210816 12:53:19.254"/>
</kw>
<kw name="And Validate Tags are present" library="home_page_keywords">
<doc>This keyword validates that the tags are present in the homepage</doc>
<kw name="Get Element Count" library="Browser">
<var>${count_tags}</var>
<arg>selector=${homepage_tags}</arg>
<arg>assertion_operator=greater than</arg>
<arg>expected_value=1</arg>
<arg>message=Tags aren't present in homepage</arg>
<tag>Assertion</tag>
<tag>Getter</tag>
<tag>PageContent</tag>
<doc>Returns the count of elements found with ``selector``.</doc>
<msg timestamp="20210816 12:53:19.813" level="INFO">${count_tags} = 791</msg>
<status status="PASS" starttime="20210816 12:53:19.256" endtime="20210816 12:53:19.813"/>
</kw>
<kw name="Log" library="BuiltIn">
<arg>${count_tags}</arg>
<doc>Logs the given message with the given level.</doc>
<msg timestamp="20210816 12:53:19.813" level="INFO">791</msg>
<status status="PASS" starttime="20210816 12:53:19.813" endtime="20210816 12:53:19.814"/>
</kw>
<status status="PASS" starttime="20210816 12:53:19.255" endtime="20210816 12:53:19.814"/>
</kw>
<kw name="And List Of Articles Is Present" library="home_page_keywords">
<doc>This keyword checks that global feed articles are present.</doc>
<kw name="Get Element Count" library="Browser">
<var>${count_articles}</var>
<arg>selector=${global_feed_articles}</arg>
<arg>assertion_operator=&gt;=</arg>
<arg>expected_value=1</arg>
<arg>message=Articles aren't present in Global Feed</arg>
<tag>Assertion</tag>
<tag>Getter</tag>
<tag>PageContent</tag>
<doc>Returns the count of elements found with ``selector``.</doc>
<msg timestamp="20210816 12:53:20.006" level="INFO">${count_articles} = 10</msg>
<status status="PASS" starttime="20210816 12:53:19.814" endtime="20210816 12:53:20.006"/>
</kw>
<kw name="Log" library="BuiltIn">
<arg>${count_articles}</arg>
<doc>Logs the given message with the given level.</doc>
<msg timestamp="20210816 12:53:20.007" level="INFO">10</msg>
<status status="PASS" starttime="20210816 12:53:20.006" endtime="20210816 12:53:20.007"/>
</kw>
<status status="PASS" starttime="20210816 12:53:19.814" endtime="20210816 12:53:20.007"/>
</kw>
<kw name="And Validate Pagination On Home Page" library="home_page_keywords">
<doc>This keyword checks for the list of pagination of articles</doc>
<kw name="Get Element Count" library="Browser">
<var>${count_pages}</var>
<arg>selector=${article_pagination}</arg>
<arg>assertion_operator=&gt;=</arg>
<arg>expected_value=1</arg>
<arg>message=Feed Article Pagination is not Present.</arg>
<tag>Assertion</tag>
<tag>Getter</tag>
<tag>PageContent</tag>
<doc>Returns the count of elements found with ``selector``.</doc>
<msg timestamp="20210816 12:53:20.179" level="INFO">${count_pages} = 265</msg>
<status status="PASS" starttime="20210816 12:53:20.007" endtime="20210816 12:53:20.179"/>
</kw>
<kw name="Log" library="BuiltIn">
<arg>${count_pages}</arg>
<doc>Logs the given message with the given level.</doc>
<msg timestamp="20210816 12:53:20.180" level="INFO">265</msg>
<status status="PASS" starttime="20210816 12:53:20.179" endtime="20210816 12:53:20.180"/>
</kw>
<status status="PASS" starttime="20210816 12:53:20.007" endtime="20210816 12:53:20.180"/>
</kw>
<doc>This test case login using basic authentication and validates Home Page</doc>
<tag>HOME_PAGE</tag>
<status status="PASS" starttime="20210816 12:53:10.818" endtime="20210816 12:53:20.181"/>
</test>
<status status="PASS" starttime="20210816 12:53:09.449" endtime="20210816 12:53:20.346"/>
</suite>
<statistics>
<total>
<stat pass="1" fail="0" skip="0">All Tests</stat>
</total>
<tag>
<stat pass="1" fail="0" skip="0">HOME_PAGE</stat>
</tag>
<suite>
<stat pass="1" fail="0" skip="0" id="s1" name="Home Page Test">Home Page Test</stat>
</suite>
</statistics>
<errors>
</errors>
</robot>
