<?xml version="1.0" encoding="UTF-8"?>
<robot generator="Robot 4.1 (Python 3.8.5 on darwin)" generated="20210820 17:41:35.955" rpa="false" schemaversion="2">
<suite id="s1" name="Login User Test" source="/Users/anujteotia/Desktop/assignment-rf-selenium-pom/assignment-rf-selenium-pom/Tests/login_user_test.robot">
<test id="s1-t1" name="Sign In For Registered User">
<kw name="Given I Open '${site_url}' in '${browser}' Browser" library="common_keywords" sourcename="I Open '${url}' in '${browser}' Browser">
<doc>This keyword opens given url in the browser of the choice.</doc>
<kw name="Set Executable Path For Different Platforms" library="common_keywords">
<var>${webdriver_exe}</var>
<arg>${browser}</arg>
<doc>This keyword sets the driver executable according to the platform i.e. Windows/MacOS</doc>
<kw name="Evaluate" library="BuiltIn">
<var>${system}</var>
<arg>platform.system()</arg>
<arg>platform</arg>
<doc>Evaluates the given expression in Python and returns the result.</doc>
<msg timestamp="20210820 17:41:37.501" level="INFO">${system} = Darwin</msg>
<status status="PASS" starttime="20210820 17:41:37.501" endtime="20210820 17:41:37.501"/>
</kw>
<kw name="Run Keyword If" library="BuiltIn">
<var>${webdriver_exe}</var>
<arg>'${system}'.lower() == 'windows'</arg>
<arg>Set Web Driver Executable Path For Windows</arg>
<arg>${browser}</arg>
<arg>ELSE IF</arg>
<arg>'${system}'.lower() == 'darwin'</arg>
<arg>Set Web Driver Executable Path For MacOS</arg>
<arg>${browser}</arg>
<doc>Runs the given keyword with the given arguments, if ``condition`` is true.</doc>
<kw name="Set Web Driver Executable Path For MacOS" library="common_keywords">
<arg>${browser}</arg>
<doc>This keyword sets the path for driver executable</doc>
<kw name="Run Keyword If" library="BuiltIn">
<var>${webdriver_exe}</var>
<arg>'${browser}'.lower() == 'chromium'</arg>
<arg>Set Variable</arg>
<arg>${mac_chrome_driver_exe}</arg>
<arg>ELSE IF</arg>
<arg>'${browser}'.lower() == 'firefox'</arg>
<arg>Set Variable</arg>
<arg>${mac_firefox_driver_exe}</arg>
<doc>Runs the given keyword with the given arguments, if ``condition`` is true.</doc>
<kw name="Set Variable" library="BuiltIn">
<arg>${mac_chrome_driver_exe}</arg>
<doc>Returns the given values which can then be assigned to a variables.</doc>
<status status="PASS" starttime="20210820 17:41:37.503" endtime="20210820 17:41:37.503"/>
</kw>
<msg timestamp="20210820 17:41:37.503" level="INFO">${webdriver_exe} = ${OUTPUTDIR}/WebDrivers/chromedriver</msg>
<status status="PASS" starttime="20210820 17:41:37.502" endtime="20210820 17:41:37.503"/>
</kw>
<kw name="Should Not Be Empty" library="BuiltIn">
<arg>${webdriver_exe}</arg>
<arg>msg=Unable to set the path for webdriver executable.</arg>
<doc>Verifies that the given item is not empty.</doc>
<msg timestamp="20210820 17:41:37.503" level="INFO">Length is 36</msg>
<status status="PASS" starttime="20210820 17:41:37.503" endtime="20210820 17:41:37.503"/>
</kw>
<status status="PASS" starttime="20210820 17:41:37.502" endtime="20210820 17:41:37.504"/>
</kw>
<msg timestamp="20210820 17:41:37.504" level="INFO">${webdriver_exe} = ${OUTPUTDIR}/WebDrivers/chromedriver</msg>
<status status="PASS" starttime="20210820 17:41:37.501" endtime="20210820 17:41:37.504"/>
</kw>
<kw name="Should Not Be Empty" library="BuiltIn">
<arg>${webdriver_exe}</arg>
<arg>msg=Unable to set the path for webdriver executable.</arg>
<doc>Verifies that the given item is not empty.</doc>
<msg timestamp="20210820 17:41:37.504" level="INFO">Length is 36</msg>
<status status="PASS" starttime="20210820 17:41:37.504" endtime="20210820 17:41:37.504"/>
</kw>
<msg timestamp="20210820 17:41:37.505" level="INFO">${webdriver_exe} = ${OUTPUTDIR}/WebDrivers/chromedriver</msg>
<status status="PASS" starttime="20210820 17:41:37.500" endtime="20210820 17:41:37.505"/>
</kw>
<kw name="New Browser" library="Browser">
<arg>browser=${browser}</arg>
<arg>headless=${headless_driver}</arg>
<tag>BrowserControl</tag>
<tag>Setter</tag>
<doc>Create a new playwright Browser with specified options.
See `Browser, Context and Page` for more information about Browser and related concepts.</doc>
<msg timestamp="20210820 17:41:37.506" level="INFO">{"browser": "chromium", "headless": false, "handleSIGINT": true, "handleSIGTERM": true, "handleSIGHUP": true, "timeout": 30000.0, "devtools": false, "slowMo": 0.0, "tracesDir": "/Users/anujteotia/Desktop/assignment-rf-selenium-pom/assignment-rf-selenium-pom/browser/traces/48437e80-6e41-421f-841f-bb7351aa2e64"}</msg>
<msg timestamp="20210820 17:41:38.456" level="INFO">Successfully created browser with options: {"browser":"chromium","headless":false,"handleSIGINT":true,"handleSIGTERM":true,"handleSIGHUP":true,"timeout":30000,"devtools":false,"slowMo":0,"tracesDir":"/Users/anujteotia/Desktop/assignment-rf-selenium-pom/assignment-rf-selenium-pom/browser/traces/48437e80-6e41-421f-841f-bb7351aa2e64"}</msg>
<status status="PASS" starttime="20210820 17:41:37.505" endtime="20210820 17:41:38.456"/>
</kw>
<kw name="Set Browser Timeout" library="Browser">
<arg>${browser_timeout}</arg>
<tag>Config</tag>
<tag>Setter</tag>
<doc>Sets the timeout used by most input and getter keywords.</doc>
<msg timestamp="20210820 17:41:38.463" level="INFO">No context open.</msg>
<status status="PASS" starttime="20210820 17:41:38.457" endtime="20210820 17:41:38.463"/>
</kw>
<kw name="New Context" library="Browser">
<arg>httpCredentials={'username': '$basic_auth_user', 'password': '$basic_auth_pwd'}</arg>
<tag>BrowserControl</tag>
<tag>Setter</tag>
<doc>Create a new BrowserContext with specified options.</doc>
<msg timestamp="20210820 17:41:38.465" level="INFO">{"acceptDownloads": false, "ignoreHTTPSErrors": false, "bypassCSP": false, "deviceScaleFactor": 1.0, "isMobile": false, "hasTouch": false, "javaScriptEnabled": true, "offline": false, "httpCredentials": "XXX", "hideRfBrowser": false}</msg>
<msg timestamp="20210820 17:41:38.541" level="INFO">Successfully created context. </msg>
<msg timestamp="20210820 17:41:38.541" level="INFO">{'acceptDownloads': False, 'ignoreHTTPSErrors': False, 'bypassCSP': False, 'deviceScaleFactor': 1, 'isMobile': False, 'hasTouch': False, 'javaScriptEnabled': True, 'offline': False, 'httpCredentials': 'XXX', 'hideRfBrowser': False}</msg>
<status status="PASS" starttime="20210820 17:41:38.463" endtime="20210820 17:41:38.541"/>
</kw>
<kw name="New Page" library="Browser">
<arg>${url}</arg>
<tag>BrowserControl</tag>
<tag>Setter</tag>
<doc>Open a new Page. A Page is the Playwright equivalent to a tab.
See `Browser, Context and Page` for more information about Page concept.
Returns a stable identifier for the created page.</doc>
<msg timestamp="20210820 17:41:40.992" level="INFO">Successfully initialized new page object and opened url: https://qa-task.backbasecloud.com</msg>
<status status="PASS" starttime="20210820 17:41:38.542" endtime="20210820 17:41:40.993"/>
</kw>
<kw name="Sleep" library="BuiltIn">
<arg>${sleep_time}</arg>
<doc>Pauses the test executed for the given time.</doc>
<msg timestamp="20210820 17:41:45.995" level="INFO">Slept 5 seconds</msg>
<status status="PASS" starttime="20210820 17:41:40.993" endtime="20210820 17:41:45.995"/>
</kw>
<status status="PASS" starttime="20210820 17:41:37.499" endtime="20210820 17:41:45.995"/>
</kw>
<kw name="And Validate Title In Home Page" library="home_page_keywords">
<doc>This keyword validates tile of the home page</doc>
<kw name="Get Text" library="Browser">
<var>${title}</var>
<arg>selector=${conduit_txt}</arg>
<arg>assertion_operator=should be</arg>
<arg>assertion_expected=conduit</arg>
<arg>message=Unable to open Conduit homepage.</arg>
<tag>Assertion</tag>
<tag>Getter</tag>
<tag>PageContent</tag>
<doc>Returns text attribute of the element found by ``selector``.</doc>
<msg timestamp="20210820 17:41:46.059" level="INFO">${title} = conduit</msg>
<status status="PASS" starttime="20210820 17:41:45.997" endtime="20210820 17:41:46.059"/>
</kw>
<kw name="Log" library="BuiltIn">
<arg>${title}</arg>
<doc>Logs the given message with the given level.</doc>
<msg timestamp="20210820 17:41:46.060" level="INFO">conduit</msg>
<status status="PASS" starttime="20210820 17:41:46.060" endtime="20210820 17:41:46.060"/>
</kw>
<status status="PASS" starttime="20210820 17:41:45.996" endtime="20210820 17:41:46.061"/>
</kw>
<kw name="When Open Sign In Page" library="home_page_keywords">
<doc>This keyword will click on sign In link in conduit home page</doc>
<kw name="Click" library="Browser">
<arg>selector=${sign_in_link}</arg>
<tag>PageContent</tag>
<tag>Setter</tag>
<doc>Simulates mouse click on the element found by ``selector``.</doc>
<status status="PASS" starttime="20210820 17:41:46.062" endtime="20210820 17:41:46.197"/>
</kw>
<status status="PASS" starttime="20210820 17:41:46.062" endtime="20210820 17:41:46.197"/>
</kw>
<kw name="Then Validate Login Url" library="login_user_keywords">
<doc>This keyword validates tile of the home page</doc>
<kw name="Get Url" library="Browser">
<var>${url}</var>
<arg>assertion_operator=should end with</arg>
<arg>assertion_expected=login</arg>
<arg>message=Unable to open login page.</arg>
<tag>Assertion</tag>
<tag>Getter</tag>
<tag>PageContent</tag>
<doc>Returns the current URL.</doc>
<msg timestamp="20210820 17:41:46.202" level="INFO">${url} = https://qa-task.backbasecloud.com/login</msg>
<status status="PASS" starttime="20210820 17:41:46.198" endtime="20210820 17:41:46.202"/>
</kw>
<kw name="Log" library="BuiltIn">
<arg>${url}</arg>
<doc>Logs the given message with the given level.</doc>
<msg timestamp="20210820 17:41:46.203" level="INFO">https://qa-task.backbasecloud.com/login</msg>
<status status="PASS" starttime="20210820 17:41:46.202" endtime="20210820 17:41:46.203"/>
</kw>
<status status="PASS" starttime="20210820 17:41:46.198" endtime="20210820 17:41:46.203"/>
</kw>
<kw name="And Enter Sign In Email Id" library="login_user_keywords">
<arg>${email_id}</arg>
<doc>This keyword enter email id for sign in</doc>
<kw name="Fill Text" library="Browser">
<arg>selector=${sign_in_email_txt_box}</arg>
<arg>txt=${email_id}</arg>
<tag>PageContent</tag>
<tag>Setter</tag>
<doc>Clears and fills the given ``txt`` into the text field found by ``selector``.</doc>
<msg timestamp="20210820 17:41:46.204" level="INFO">Fills the text 'candidatex@gmail.com' in the given field.</msg>
<status status="PASS" starttime="20210820 17:41:46.204" endtime="20210820 17:41:46.242"/>
</kw>
<status status="PASS" starttime="20210820 17:41:46.203" endtime="20210820 17:41:46.242"/>
</kw>
<kw name="And Enter Sign In Password" library="login_user_keywords">
<arg>${password}</arg>
<doc>This keyword enter password for sign up</doc>
<kw name="Fill Secret" library="Browser">
<arg>selector=${sign_in_pwd_txt_box}</arg>
<arg>secret=$password</arg>
<tag>PageContent</tag>
<tag>Setter</tag>
<doc>Fills the given secret from ``variable_name`` into the
text field found by ``selector``.</doc>
<status status="PASS" starttime="20210820 17:41:46.243" endtime="20210820 17:41:46.284"/>
</kw>
<status status="PASS" starttime="20210820 17:41:46.242" endtime="20210820 17:41:46.284"/>
</kw>
<kw name="Then Click Sign In Button" library="login_user_keywords">
<doc>This keyword clicks on the sign up button</doc>
<kw name="Click" library="Browser">
<arg>selector=${sign_in_btn}</arg>
<tag>PageContent</tag>
<tag>Setter</tag>
<doc>Simulates mouse click on the element found by ``selector``.</doc>
<status status="PASS" starttime="20210820 17:41:46.286" endtime="20210820 17:41:46.391"/>
</kw>
<status status="PASS" starttime="20210820 17:41:46.285" endtime="20210820 17:41:46.392"/>
</kw>
<kw name="And Verify Signed In" library="login_user_keywords">
<doc>This keyword verifies whether sign up is successfull or not</doc>
<kw name="Catenate" library="BuiltIn">
<var>${browser_url}</var>
<arg>SEPARATOR=</arg>
<arg>${site_url}</arg>
<arg>/</arg>
<doc>Catenates the given items together and returns the resulted string.</doc>
<msg timestamp="20210820 17:41:46.393" level="INFO">${browser_url} = https://qa-task.backbasecloud.com/</msg>
<status status="PASS" starttime="20210820 17:41:46.392" endtime="20210820 17:41:46.393"/>
</kw>
<kw name="Sleep" library="BuiltIn">
<arg>3s</arg>
<doc>Pauses the test executed for the given time.</doc>
<msg timestamp="20210820 17:41:49.394" level="INFO">Slept 3 seconds</msg>
<status status="PASS" starttime="20210820 17:41:46.393" endtime="20210820 17:41:49.394"/>
</kw>
<kw name="Run Keyword And Return Status" library="BuiltIn">
<var>${status}</var>
<arg>Browser.Get Text</arg>
<arg>${sign_in_error_txt}</arg>
<doc>Runs the given keyword with given arguments and returns the status as a Boolean value.</doc>
<kw name="Get Text" library="Browser">
<arg>${sign_in_error_txt}</arg>
<tag>Assertion</tag>
<tag>Getter</tag>
<tag>PageContent</tag>
<doc>Returns text attribute of the element found by ``selector``.</doc>
<status status="PASS" starttime="20210820 17:41:49.395" endtime="20210820 17:41:49.429"/>
</kw>
<msg timestamp="20210820 17:41:49.429" level="INFO">${status} = True</msg>
<status status="PASS" starttime="20210820 17:41:49.395" endtime="20210820 17:41:49.429"/>
</kw>
<kw name="Run Keyword If" library="BuiltIn">
<arg>${status}</arg>
<arg>Fail</arg>
<arg>msg=An Error Occurred!. Email or password is invalid.</arg>
<doc>Runs the given keyword with the given arguments, if ``condition`` is true.</doc>
<kw name="Fail" library="BuiltIn">
<arg>msg=An Error Occurred!. Email or password is invalid.</arg>
<doc>Fails the test with the given message and optionally alters its tags.</doc>
<msg timestamp="20210820 17:41:49.431" level="FAIL">An Error Occurred!. Email or password is invalid.</msg>
<status status="FAIL" starttime="20210820 17:41:49.430" endtime="20210820 17:41:49.431"/>
</kw>
<status status="FAIL" starttime="20210820 17:41:49.430" endtime="20210820 17:41:49.431"/>
</kw>
<kw name="Get Url" library="Browser">
<arg>assertion_operator=should be</arg>
<arg>assertion_expected=${browser_url}</arg>
<arg>message=Sign in unsuccessful</arg>
<tag>Assertion</tag>
<tag>Getter</tag>
<tag>PageContent</tag>
<doc>Returns the current URL.</doc>
<status status="NOT RUN" starttime="20210820 17:41:49.432" endtime="20210820 17:41:49.432"/>
</kw>
<kw name="Wait For Elements State" library="Browser">
<arg>selector=${new_article_txt}</arg>
<arg>state=visible</arg>
<tag>PageContent</tag>
<tag>Wait</tag>
<doc>Waits for the element found by ``selector`` to satisfy state option.</doc>
<status status="NOT RUN" starttime="20210820 17:41:49.432" endtime="20210820 17:41:49.432"/>
</kw>
<kw name="Get Text" library="Browser">
<var>${art_txt}</var>
<arg>selector=${new_article_txt}</arg>
<arg>assertion_operator=contains</arg>
<arg>assertion_expected=New Article</arg>
<arg>message=Sign In was unsuccessful</arg>
<tag>Assertion</tag>
<tag>Getter</tag>
<tag>PageContent</tag>
<doc>Returns text attribute of the element found by ``selector``.</doc>
<status status="NOT RUN" starttime="20210820 17:41:49.432" endtime="20210820 17:41:49.432"/>
</kw>
<status status="FAIL" starttime="20210820 17:41:46.392" endtime="20210820 17:41:49.433"/>
</kw>
<doc>This test case login using basic authentication and validates Home Page</doc>
<tag>LOGIN_USER</tag>
<status status="FAIL" starttime="20210820 17:41:37.496" endtime="20210820 17:41:49.433">An Error Occurred!. Email or password is invalid.</status>
</test>
<status status="FAIL" starttime="20210820 17:41:35.957" endtime="20210820 17:41:49.585"/>
</suite>
<statistics>
<total>
<stat pass="0" fail="1" skip="0">All Tests</stat>
</total>
<tag>
<stat pass="0" fail="1" skip="0">LOGIN_USER</stat>
</tag>
<suite>
<stat pass="0" fail="1" skip="0" id="s1" name="Login User Test">Login User Test</stat>
</suite>
</statistics>
<errors>
</errors>
</robot>
