<?xml version="1.0" encoding="UTF-8"?>
<robot generator="Robot 4.1 (Python 3.8.5 on darwin)" generated="20210820 17:26:08.643" rpa="false" schemaversion="2">
<suite id="s1" name="Register User Test" source="/Users/anujteotia/Desktop/assignment-rf-selenium-pom/assignment-rf-selenium-pom/Tests/register_user_test.robot">
<test id="s1-t1" name="Register A User">
<kw name="Given I Open '${site_url}' in '${browser}' Browser" library="common_keywords" sourcename="I Open '${url}' in '${browser}' Browser">
<doc>This keyword opens given url in the browser of the choice.</doc>
<kw name="Set Executable Path For Different Platforms" library="common_keywords">
<var>${webdriver_exe}</var>
<arg>${browser}</arg>
<doc>This keyword sets the driver executable according to the platform i.e. Windows/MacOS</doc>
<kw name="Evaluate" library="BuiltIn">
<var>${system}</var>
<arg>platform.system()</arg>
<arg>platform</arg>
<doc>Evaluates the given expression in Python and returns the result.</doc>
<msg timestamp="20210820 17:26:10.228" level="INFO">${system} = Darwin</msg>
<status status="PASS" starttime="20210820 17:26:10.228" endtime="20210820 17:26:10.228"/>
</kw>
<kw name="Run Keyword If" library="BuiltIn">
<var>${webdriver_exe}</var>
<arg>'${system}'.lower() == 'windows'</arg>
<arg>Set Web Driver Executable Path For Windows</arg>
<arg>${browser}</arg>
<arg>ELSE IF</arg>
<arg>'${system}'.lower() == 'darwin'</arg>
<arg>Set Web Driver Executable Path For MacOS</arg>
<arg>${browser}</arg>
<doc>Runs the given keyword with the given arguments, if ``condition`` is true.</doc>
<kw name="Set Web Driver Executable Path For MacOS" library="common_keywords">
<arg>${browser}</arg>
<doc>This keyword sets the path for driver executable</doc>
<kw name="Run Keyword If" library="BuiltIn">
<var>${webdriver_exe}</var>
<arg>'${browser}'.lower() == 'chromium'</arg>
<arg>Set Variable</arg>
<arg>${mac_chrome_driver_exe}</arg>
<arg>ELSE IF</arg>
<arg>'${browser}'.lower() == 'firefox'</arg>
<arg>Set Variable</arg>
<arg>${mac_firefox_driver_exe}</arg>
<doc>Runs the given keyword with the given arguments, if ``condition`` is true.</doc>
<kw name="Set Variable" library="BuiltIn">
<arg>${mac_chrome_driver_exe}</arg>
<doc>Returns the given values which can then be assigned to a variables.</doc>
<status status="PASS" starttime="20210820 17:26:10.230" endtime="20210820 17:26:10.230"/>
</kw>
<msg timestamp="20210820 17:26:10.230" level="INFO">${webdriver_exe} = ${OUTPUTDIR}/WebDrivers/chromedriver</msg>
<status status="PASS" starttime="20210820 17:26:10.230" endtime="20210820 17:26:10.230"/>
</kw>
<kw name="Should Not Be Empty" library="BuiltIn">
<arg>${webdriver_exe}</arg>
<arg>msg=Unable to set the path for webdriver executable.</arg>
<doc>Verifies that the given item is not empty.</doc>
<msg timestamp="20210820 17:26:10.231" level="INFO">Length is 36</msg>
<status status="PASS" starttime="20210820 17:26:10.230" endtime="20210820 17:26:10.231"/>
</kw>
<status status="PASS" starttime="20210820 17:26:10.229" endtime="20210820 17:26:10.232"/>
</kw>
<msg timestamp="20210820 17:26:10.233" level="INFO">${webdriver_exe} = ${OUTPUTDIR}/WebDrivers/chromedriver</msg>
<status status="PASS" starttime="20210820 17:26:10.229" endtime="20210820 17:26:10.233"/>
</kw>
<kw name="Should Not Be Empty" library="BuiltIn">
<arg>${webdriver_exe}</arg>
<arg>msg=Unable to set the path for webdriver executable.</arg>
<doc>Verifies that the given item is not empty.</doc>
<msg timestamp="20210820 17:26:10.233" level="INFO">Length is 36</msg>
<status status="PASS" starttime="20210820 17:26:10.233" endtime="20210820 17:26:10.233"/>
</kw>
<msg timestamp="20210820 17:26:10.233" level="INFO">${webdriver_exe} = ${OUTPUTDIR}/WebDrivers/chromedriver</msg>
<status status="PASS" starttime="20210820 17:26:10.227" endtime="20210820 17:26:10.234"/>
</kw>
<kw name="New Browser" library="Browser">
<arg>browser=${browser}</arg>
<arg>headless=${headless_driver}</arg>
<tag>BrowserControl</tag>
<tag>Setter</tag>
<doc>Create a new playwright Browser with specified options.
See `Browser, Context and Page` for more information about Browser and related concepts.</doc>
<msg timestamp="20210820 17:26:10.235" level="INFO">{"browser": "chromium", "headless": false, "handleSIGINT": true, "handleSIGTERM": true, "handleSIGHUP": true, "timeout": 30000.0, "devtools": false, "slowMo": 0.0, "tracesDir": "/Users/anujteotia/Desktop/assignment-rf-selenium-pom/assignment-rf-selenium-pom/browser/traces/c1a8b1bd-40ac-48bd-be59-1aa212395087"}</msg>
<msg timestamp="20210820 17:26:10.827" level="INFO">Successfully created browser with options: {"browser":"chromium","headless":false,"handleSIGINT":true,"handleSIGTERM":true,"handleSIGHUP":true,"timeout":30000,"devtools":false,"slowMo":0,"tracesDir":"/Users/anujteotia/Desktop/assignment-rf-selenium-pom/assignment-rf-selenium-pom/browser/traces/c1a8b1bd-40ac-48bd-be59-1aa212395087"}</msg>
<status status="PASS" starttime="20210820 17:26:10.234" endtime="20210820 17:26:10.827"/>
</kw>
<kw name="Set Browser Timeout" library="Browser">
<arg>${browser_timeout}</arg>
<tag>Config</tag>
<tag>Setter</tag>
<doc>Sets the timeout used by most input and getter keywords.</doc>
<msg timestamp="20210820 17:26:10.833" level="INFO">No context open.</msg>
<status status="PASS" starttime="20210820 17:26:10.828" endtime="20210820 17:26:10.833"/>
</kw>
<kw name="New Context" library="Browser">
<arg>httpCredentials={'username': '$basic_auth_user', 'password': '$basic_auth_pwd'}</arg>
<tag>BrowserControl</tag>
<tag>Setter</tag>
<doc>Create a new BrowserContext with specified options.</doc>
<msg timestamp="20210820 17:26:10.835" level="INFO">{"acceptDownloads": false, "ignoreHTTPSErrors": false, "bypassCSP": false, "deviceScaleFactor": 1.0, "isMobile": false, "hasTouch": false, "javaScriptEnabled": true, "offline": false, "httpCredentials": "XXX", "hideRfBrowser": false}</msg>
<msg timestamp="20210820 17:26:10.878" level="INFO">Successfully created context. </msg>
<msg timestamp="20210820 17:26:10.879" level="INFO">{'acceptDownloads': False, 'ignoreHTTPSErrors': False, 'bypassCSP': False, 'deviceScaleFactor': 1, 'isMobile': False, 'hasTouch': False, 'javaScriptEnabled': True, 'offline': False, 'httpCredentials': 'XXX', 'hideRfBrowser': False}</msg>
<status status="PASS" starttime="20210820 17:26:10.833" endtime="20210820 17:26:10.879"/>
</kw>
<kw name="New Page" library="Browser">
<arg>${url}</arg>
<tag>BrowserControl</tag>
<tag>Setter</tag>
<doc>Open a new Page. A Page is the Playwright equivalent to a tab.
See `Browser, Context and Page` for more information about Page concept.
Returns a stable identifier for the created page.</doc>
<msg timestamp="20210820 17:26:13.104" level="INFO">Successfully initialized new page object and opened url: https://qa-task.backbasecloud.com</msg>
<status status="PASS" starttime="20210820 17:26:10.879" endtime="20210820 17:26:13.104"/>
</kw>
<kw name="Sleep" library="BuiltIn">
<arg>${sleep_time}</arg>
<doc>Pauses the test executed for the given time.</doc>
<msg timestamp="20210820 17:26:18.106" level="INFO">Slept 5 seconds</msg>
<status status="PASS" starttime="20210820 17:26:13.104" endtime="20210820 17:26:18.106"/>
</kw>
<status status="PASS" starttime="20210820 17:26:10.227" endtime="20210820 17:26:18.107"/>
</kw>
<kw name="When Validate Title In Home Page" library="home_page_keywords">
<doc>This keyword validates tile of the home page</doc>
<kw name="Get Text" library="Browser">
<var>${title}</var>
<arg>selector=${conduit_txt}</arg>
<arg>assertion_operator=should be</arg>
<arg>assertion_expected=conduit</arg>
<arg>message=Unable to open Conduit homepage.</arg>
<tag>Assertion</tag>
<tag>Getter</tag>
<tag>PageContent</tag>
<doc>Returns text attribute of the element found by ``selector``.</doc>
<msg timestamp="20210820 17:26:18.169" level="INFO">${title} = conduit</msg>
<status status="PASS" starttime="20210820 17:26:18.109" endtime="20210820 17:26:18.169"/>
</kw>
<kw name="Log" library="BuiltIn">
<arg>${title}</arg>
<doc>Logs the given message with the given level.</doc>
<msg timestamp="20210820 17:26:18.170" level="INFO">conduit</msg>
<status status="PASS" starttime="20210820 17:26:18.169" endtime="20210820 17:26:18.170"/>
</kw>
<status status="PASS" starttime="20210820 17:26:18.108" endtime="20210820 17:26:18.172"/>
</kw>
<kw name="And Open Sign Up Page" library="home_page_keywords">
<doc>This keyword will click on sign up link in conduit home page</doc>
<kw name="Click" library="Browser">
<arg>selector=${sign_up_link}</arg>
<tag>PageContent</tag>
<tag>Setter</tag>
<doc>Simulates mouse click on the element found by ``selector``.</doc>
<status status="PASS" starttime="20210820 17:26:18.173" endtime="20210820 17:26:18.319"/>
</kw>
<status status="PASS" starttime="20210820 17:26:18.172" endtime="20210820 17:26:18.320"/>
</kw>
<kw name="Then Validate Register Url" library="register_user_keywords">
<doc>This keyword validates tile of the home page</doc>
<kw name="Get Url" library="Browser">
<var>${url}</var>
<arg>assertion_operator=should end with</arg>
<arg>assertion_expected=register</arg>
<arg>message=Unable to open register page.</arg>
<tag>Assertion</tag>
<tag>Getter</tag>
<tag>PageContent</tag>
<doc>Returns the current URL.</doc>
<msg timestamp="20210820 17:26:18.324" level="INFO">${url} = https://qa-task.backbasecloud.com/register</msg>
<status status="PASS" starttime="20210820 17:26:18.321" endtime="20210820 17:26:18.324"/>
</kw>
<kw name="Log" library="BuiltIn">
<arg>${url}</arg>
<doc>Logs the given message with the given level.</doc>
<msg timestamp="20210820 17:26:18.325" level="INFO">https://qa-task.backbasecloud.com/register</msg>
<status status="PASS" starttime="20210820 17:26:18.325" endtime="20210820 17:26:18.325"/>
</kw>
<status status="PASS" starttime="20210820 17:26:18.320" endtime="20210820 17:26:18.325"/>
</kw>
<kw name="And Enter User Name" library="register_user_keywords">
<arg>${username}</arg>
<doc>This keyword enter user name for sign up</doc>
<kw name="Fill Text" library="Browser">
<arg>selector=${username_txt_box}</arg>
<arg>txt=${username}</arg>
<tag>PageContent</tag>
<tag>Setter</tag>
<doc>Clears and fills the given ``txt`` into the text field found by ``selector``.</doc>
<msg timestamp="20210820 17:26:18.327" level="INFO">Fills the text 'new-user1' in the given field.</msg>
<status status="PASS" starttime="20210820 17:26:18.326" endtime="20210820 17:26:18.389"/>
</kw>
<status status="PASS" starttime="20210820 17:26:18.326" endtime="20210820 17:26:18.389"/>
</kw>
<kw name="And Enter Email Id" library="register_user_keywords">
<arg>${email_id}</arg>
<doc>This keyword enter email id for sign up</doc>
<kw name="Fill Text" library="Browser">
<arg>selector=${email_txt_box}</arg>
<arg>txt=${email_id}</arg>
<tag>PageContent</tag>
<tag>Setter</tag>
<doc>Clears and fills the given ``txt`` into the text field found by ``selector``.</doc>
<msg timestamp="20210820 17:26:18.391" level="INFO">Fills the text 'new-user1@gmail.com' in the given field.</msg>
<status status="PASS" starttime="20210820 17:26:18.390" endtime="20210820 17:26:18.447"/>
</kw>
<status status="PASS" starttime="20210820 17:26:18.389" endtime="20210820 17:26:18.447"/>
</kw>
<kw name="And Enter Password" library="register_user_keywords">
<arg>${password}</arg>
<doc>This keyword enter password for sign up</doc>
<kw name="Fill Secret" library="Browser">
<arg>selector=${pwd_txt_box}</arg>
<arg>secret=$password</arg>
<tag>PageContent</tag>
<tag>Setter</tag>
<doc>Fills the given secret from ``variable_name`` into the
text field found by ``selector``.</doc>
<status status="PASS" starttime="20210820 17:26:18.449" endtime="20210820 17:26:18.493"/>
</kw>
<status status="PASS" starttime="20210820 17:26:18.448" endtime="20210820 17:26:18.494"/>
</kw>
<kw name="Then Click Sign Up Button" library="register_user_keywords">
<doc>This keyword clicks on the sign up button</doc>
<kw name="Click" library="Browser">
<arg>selector=${sign_up_button}</arg>
<tag>PageContent</tag>
<tag>Setter</tag>
<doc>Simulates mouse click on the element found by ``selector``.</doc>
<status status="PASS" starttime="20210820 17:26:18.495" endtime="20210820 17:26:18.548"/>
</kw>
<status status="PASS" starttime="20210820 17:26:18.494" endtime="20210820 17:26:18.548"/>
</kw>
<kw name="Check Sign Up Error Message" library="register_user_keywords">
<doc>This keyword checks whether sign up is successful by checking error message.</doc>
<kw name="Wait Until Network Is Idle" library="Browser">
<tag>HTTP</tag>
<tag>Wait</tag>
<doc>Waits until there has been at least one instance of 500 ms of no network traffic on the page after loading.</doc>
<status status="PASS" starttime="20210820 17:26:18.550" endtime="20210820 17:26:18.553"/>
</kw>
<kw name="Run Keyword And Return Status" library="BuiltIn">
<var>${status}</var>
<arg>Browser.Get Text</arg>
<arg>${sign_up_error_txt}</arg>
<doc>Runs the given keyword with given arguments and returns the status as a Boolean value.</doc>
<kw name="Get Text" library="Browser">
<arg>${sign_up_error_txt}</arg>
<tag>Assertion</tag>
<tag>Getter</tag>
<tag>PageContent</tag>
<doc>Returns text attribute of the element found by ``selector``.</doc>
<status status="PASS" starttime="20210820 17:26:18.554" endtime="20210820 17:26:18.593"/>
</kw>
<msg timestamp="20210820 17:26:18.593" level="INFO">${status} = True</msg>
<status status="PASS" starttime="20210820 17:26:18.553" endtime="20210820 17:26:18.593"/>
</kw>
<kw name="Run Keyword If" library="BuiltIn">
<arg>${status}</arg>
<arg>Fail</arg>
<arg>msg=An Error Occurred!. Email/Username already exists</arg>
<doc>Runs the given keyword with the given arguments, if ``condition`` is true.</doc>
<kw name="Fail" library="BuiltIn">
<arg>msg=An Error Occurred!. Email/Username already exists</arg>
<doc>Fails the test with the given message and optionally alters its tags.</doc>
<msg timestamp="20210820 17:26:18.595" level="FAIL">An Error Occurred!. Email/Username already exists</msg>
<status status="FAIL" starttime="20210820 17:26:18.594" endtime="20210820 17:26:18.595"/>
</kw>
<status status="FAIL" starttime="20210820 17:26:18.594" endtime="20210820 17:26:18.595"/>
</kw>
<status status="FAIL" starttime="20210820 17:26:18.549" endtime="20210820 17:26:18.596"/>
</kw>
<kw name="Verify Sign Up" library="register_user_keywords">
<arg>${username}</arg>
<doc>This keyword verifies whether sign up is successfull or not</doc>
<status status="NOT RUN" starttime="20210820 17:26:18.597" endtime="20210820 17:26:18.597"/>
</kw>
<doc>This test case login using basic authentication and validates Home Page</doc>
<tag>REGISTER_USER</tag>
<status status="FAIL" starttime="20210820 17:26:10.223" endtime="20210820 17:26:18.597">An Error Occurred!. Email/Username already exists</status>
</test>
<status status="FAIL" starttime="20210820 17:26:08.645" endtime="20210820 17:26:18.747"/>
</suite>
<statistics>
<total>
<stat pass="0" fail="1" skip="0">All Tests</stat>
</total>
<tag>
<stat pass="0" fail="1" skip="0">REGISTER_USER</stat>
</tag>
<suite>
<stat pass="0" fail="1" skip="0" id="s1" name="Register User Test">Register User Test</stat>
</suite>
</statistics>
<errors>
</errors>
</robot>
