<?xml version="1.0" encoding="UTF-8"?>
<robot generator="Robot 4.1 (Python 3.8.5 on darwin)" generated="20210815 21:46:03.770" rpa="false" schemaversion="2">
<suite id="s1" name="Home Page Test" source="/Users/anujteotia/Desktop/assignment-rf-selenium-pom/assignment-rf-selenium-pom/Tests/home_page_test.robot">
<test id="s1-t1" name="Validate Home Page">
<kw name="Given I Open '${site_url}' in '${browser}' Browser" library="common_keywords" sourcename="I Open '${url}' in '${browser}' Browser">
<doc>This keyword opens given url in the browser of the choice.</doc>
<kw name="Set Executable Path For Different Platforms" library="common_keywords">
<var>${webdriver_exe}</var>
<arg>${browser}</arg>
<doc>This keyword sets the driver executable according to the platform i.e. Windows/MacOS</doc>
<kw name="Evaluate" library="BuiltIn">
<var>${system}</var>
<arg>platform.system()</arg>
<arg>platform</arg>
<doc>Evaluates the given expression in Python and returns the result.</doc>
<msg timestamp="20210815 21:46:04.647" level="INFO">${system} = Darwin</msg>
<status status="PASS" starttime="20210815 21:46:04.646" endtime="20210815 21:46:04.647"/>
</kw>
<kw name="Run Keyword If" library="BuiltIn">
<var>${webdriver_exe}</var>
<arg>'${system}'.lower() == 'windows'</arg>
<arg>Set Web Driver Executable Path For Windows</arg>
<arg>${browser}</arg>
<arg>ELSE IF</arg>
<arg>'${system}'.lower() == 'darwin'</arg>
<arg>Set Web Driver Executable Path For MacOS</arg>
<arg>${browser}</arg>
<doc>Runs the given keyword with the given arguments, if ``condition`` is true.</doc>
<kw name="Set Web Driver Executable Path For MacOS" library="common_keywords">
<arg>${browser}</arg>
<doc>This keyword sets the path for driver executable</doc>
<kw name="Run Keyword If" library="BuiltIn">
<var>${webdriver_exe}</var>
<arg>'${browser}'.lower() == 'chromium'</arg>
<arg>Set Variable</arg>
<arg>${mac_chrome_driver_exe}</arg>
<arg>ELSE IF</arg>
<arg>'${browser}'.lower() == 'firefox'</arg>
<arg>Set Variable</arg>
<arg>${mac_firefox_driver_exe}</arg>
<doc>Runs the given keyword with the given arguments, if ``condition`` is true.</doc>
<kw name="Set Variable" library="BuiltIn">
<arg>${mac_chrome_driver_exe}</arg>
<doc>Returns the given values which can then be assigned to a variables.</doc>
<status status="PASS" starttime="20210815 21:46:04.648" endtime="20210815 21:46:04.649"/>
</kw>
<msg timestamp="20210815 21:46:04.649" level="INFO">${webdriver_exe} = ${OUTPUTDIR}/WebDrivers/chromedriver</msg>
<status status="PASS" starttime="20210815 21:46:04.648" endtime="20210815 21:46:04.649"/>
</kw>
<kw name="Should Not Be Empty" library="BuiltIn">
<arg>${webdriver_exe}</arg>
<arg>msg=Unable to set the path for webdriver executable.</arg>
<doc>Verifies that the given item is not empty.</doc>
<msg timestamp="20210815 21:46:04.649" level="INFO">Length is 36</msg>
<status status="PASS" starttime="20210815 21:46:04.649" endtime="20210815 21:46:04.650"/>
</kw>
<status status="PASS" starttime="20210815 21:46:04.647" endtime="20210815 21:46:04.650"/>
</kw>
<msg timestamp="20210815 21:46:04.650" level="INFO">${webdriver_exe} = ${OUTPUTDIR}/WebDrivers/chromedriver</msg>
<status status="PASS" starttime="20210815 21:46:04.647" endtime="20210815 21:46:04.650"/>
</kw>
<kw name="Should Not Be Empty" library="BuiltIn">
<arg>${webdriver_exe}</arg>
<arg>msg=Unable to set the path for webdriver executable.</arg>
<doc>Verifies that the given item is not empty.</doc>
<msg timestamp="20210815 21:46:04.651" level="INFO">Length is 36</msg>
<status status="PASS" starttime="20210815 21:46:04.650" endtime="20210815 21:46:04.651"/>
</kw>
<msg timestamp="20210815 21:46:04.651" level="INFO">${webdriver_exe} = ${OUTPUTDIR}/WebDrivers/chromedriver</msg>
<status status="PASS" starttime="20210815 21:46:04.645" endtime="20210815 21:46:04.651"/>
</kw>
<kw name="New Browser" library="Browser">
<arg>browser=${browser}</arg>
<arg>headless=${headless_driver}</arg>
<tag>BrowserControl</tag>
<tag>Setter</tag>
<doc>Create a new playwright Browser with specified options.
See `Browser, Context and Page` for more information about Browser and related concepts.</doc>
<msg timestamp="20210815 21:46:04.653" level="INFO">{"browser": "chromium", "headless": true, "handleSIGINT": true, "handleSIGTERM": true, "handleSIGHUP": true, "timeout": 30000.0, "devtools": false, "slowMo": 0.0, "tracesDir": "/Users/anujteotia/Desktop/assignment-rf-selenium-pom/assignment-rf-selenium-pom/browser/traces/589096e8-1bb8-40cc-ba36-1eb4be962532"}</msg>
<msg timestamp="20210815 21:46:04.966" level="INFO">Successfully created browser with options: {"browser":"chromium","headless":true,"handleSIGINT":true,"handleSIGTERM":true,"handleSIGHUP":true,"timeout":30000,"devtools":false,"slowMo":0,"tracesDir":"/Users/anujteotia/Desktop/assignment-rf-selenium-pom/assignment-rf-selenium-pom/browser/traces/589096e8-1bb8-40cc-ba36-1eb4be962532"}</msg>
<status status="PASS" starttime="20210815 21:46:04.652" endtime="20210815 21:46:04.966"/>
</kw>
<kw name="Set Browser Timeout" library="Browser">
<arg>30 seconds</arg>
<tag>Config</tag>
<tag>Setter</tag>
<doc>Sets the timeout used by most input and getter keywords.</doc>
<msg timestamp="20210815 21:46:04.971" level="INFO">No context open.</msg>
<status status="PASS" starttime="20210815 21:46:04.966" endtime="20210815 21:46:04.971"/>
</kw>
<kw name="New Context" library="Browser">
<arg>httpCredentials={'username': '$basic_auth_user', 'password': '$basic_auth_pwd'}</arg>
<tag>BrowserControl</tag>
<tag>Setter</tag>
<doc>Create a new BrowserContext with specified options.</doc>
<msg timestamp="20210815 21:46:04.973" level="INFO">{"acceptDownloads": false, "ignoreHTTPSErrors": false, "bypassCSP": false, "deviceScaleFactor": 1.0, "isMobile": false, "hasTouch": false, "javaScriptEnabled": true, "offline": false, "httpCredentials": "XXX", "hideRfBrowser": false}</msg>
<msg timestamp="20210815 21:46:04.991" level="INFO">Successfully created context. </msg>
<msg timestamp="20210815 21:46:04.991" level="INFO">{'acceptDownloads': False, 'ignoreHTTPSErrors': False, 'bypassCSP': False, 'deviceScaleFactor': 1, 'isMobile': False, 'hasTouch': False, 'javaScriptEnabled': True, 'offline': False, 'httpCredentials': 'XXX', 'hideRfBrowser': False}</msg>
<status status="PASS" starttime="20210815 21:46:04.971" endtime="20210815 21:46:04.991"/>
</kw>
<kw name="New Page" library="Browser">
<arg>${url}</arg>
<tag>BrowserControl</tag>
<tag>Setter</tag>
<doc>Open a new Page. A Page is the Playwright equivalent to a tab.
See `Browser, Context and Page` for more information about Page concept.
Returns a stable identifier for the created page.</doc>
<msg timestamp="20210815 21:46:06.216" level="INFO">Successfully initialized new page object and opened url: https://qa-task.backbasecloud.com</msg>
<status status="PASS" starttime="20210815 21:46:04.991" endtime="20210815 21:46:06.217"/>
</kw>
<kw name="Sleep" library="BuiltIn">
<arg>3s</arg>
<doc>Pauses the test executed for the given time.</doc>
<msg timestamp="20210815 21:46:09.218" level="INFO">Slept 3 seconds</msg>
<status status="PASS" starttime="20210815 21:46:06.217" endtime="20210815 21:46:09.218"/>
</kw>
<status status="PASS" starttime="20210815 21:46:04.645" endtime="20210815 21:46:09.219"/>
</kw>
<doc>This test case validates Home Page</doc>
<tag>HOME_PAGE</tag>
<status status="PASS" starttime="20210815 21:46:04.641" endtime="20210815 21:46:09.219"/>
</test>
<status status="PASS" starttime="20210815 21:46:03.772" endtime="20210815 21:46:09.283"/>
</suite>
<statistics>
<total>
<stat pass="1" fail="0" skip="0">All Tests</stat>
</total>
<tag>
<stat pass="1" fail="0" skip="0">HOME_PAGE</stat>
</tag>
<suite>
<stat pass="1" fail="0" skip="0" id="s1" name="Home Page Test">Home Page Test</stat>
</suite>
</statistics>
<errors>
<msg timestamp="20210815 21:46:03.808" level="WARN">Imported resource file '/Users/anujteotia/Desktop/assignment-rf-selenium-pom/assignment-rf-selenium-pom/Resources/home_page_keywords.robot' is empty.</msg>
</errors>
</robot>
