<?xml version="1.0" encoding="UTF-8"?>
<robot generator="Robot 4.1 (Python 3.8.5 on darwin)" generated="20210815 20:32:29.929" rpa="false" schemaversion="2">
<suite id="s1" name="Home Page Test" source="/Users/anujteotia/Desktop/assignment-rf-selenium-pom/assignment-rf-selenium-pom/Tests/home_page_test.robot">
<test id="s1-t1" name="Validate Home Page">
<kw name="Given I Open '${site_url}' in '${browser}' Browser" library="common_keywords" sourcename="I Open '${url}' in '${browser}' Browser">
<doc>This keyword opens given url in the browser of the choice.</doc>
<kw name="Set Executable Path For Different Platforms" library="common_keywords">
<var>${webdriver_exe}</var>
<arg>${browser}</arg>
<doc>This keyword sets the driver executable according to the platform i.e. Windows/MacOS</doc>
<kw name="Evaluate" library="BuiltIn">
<var>${system}</var>
<arg>platform.system()</arg>
<arg>platform</arg>
<doc>Evaluates the given expression in Python and returns the result.</doc>
<msg timestamp="20210815 20:32:30.744" level="INFO">${system} = Darwin</msg>
<status status="PASS" starttime="20210815 20:32:30.744" endtime="20210815 20:32:30.744"/>
</kw>
<kw name="Run Keyword If" library="BuiltIn">
<var>${webdriver_exe}</var>
<arg>'${system}'.lower() == 'windows'</arg>
<arg>Set Web Driver Executable Path For Windows</arg>
<arg>${browser}</arg>
<arg>ELSE IF</arg>
<arg>'${system}'.lower() == 'darwin'</arg>
<arg>Set Web Driver Executable Path For MacOS</arg>
<arg>${browser}</arg>
<doc>Runs the given keyword with the given arguments, if ``condition`` is true.</doc>
<kw name="Set Web Driver Executable Path For MacOS" library="common_keywords">
<arg>${browser}</arg>
<doc>This keyword sets the path for driver executable</doc>
<kw name="Run Keyword If" library="BuiltIn">
<var>${webdriver_exe}</var>
<arg>'${browser}'.lower() == 'chromium'</arg>
<arg>Set Variable</arg>
<arg>${mac_chrome_driver_exe}</arg>
<arg>ELSE IF</arg>
<arg>'${browser}'.lower() == 'firefox'</arg>
<arg>Set Variable</arg>
<arg>${mac_firefox_driver_exe}</arg>
<doc>Runs the given keyword with the given arguments, if ``condition`` is true.</doc>
<kw name="Set Variable" library="BuiltIn">
<arg>${mac_chrome_driver_exe}</arg>
<doc>Returns the given values which can then be assigned to a variables.</doc>
<status status="PASS" starttime="20210815 20:32:30.746" endtime="20210815 20:32:30.746"/>
</kw>
<msg timestamp="20210815 20:32:30.747" level="INFO">${webdriver_exe} = /Users/anujteotia/Desktop/assignment-rf-selenium-pom/assignment-rf-selenium-pom/WebDrivers/chromedriver</msg>
<status status="PASS" starttime="20210815 20:32:30.746" endtime="20210815 20:32:30.747"/>
</kw>
<kw name="Should Not Be Empty" library="BuiltIn">
<arg>${webdriver_exe}</arg>
<arg>msg=Unable to set the path for webdriver executable.</arg>
<doc>Verifies that the given item is not empty.</doc>
<msg timestamp="20210815 20:32:30.747" level="INFO">Length is 103</msg>
<status status="PASS" starttime="20210815 20:32:30.747" endtime="20210815 20:32:30.747"/>
</kw>
<status status="PASS" starttime="20210815 20:32:30.745" endtime="20210815 20:32:30.747"/>
</kw>
<msg timestamp="20210815 20:32:30.748" level="INFO">${webdriver_exe} = /Users/anujteotia/Desktop/assignment-rf-selenium-pom/assignment-rf-selenium-pom/WebDrivers/chromedriver</msg>
<status status="PASS" starttime="20210815 20:32:30.745" endtime="20210815 20:32:30.748"/>
</kw>
<kw name="Should Not Be Empty" library="BuiltIn">
<arg>${webdriver_exe}</arg>
<arg>msg=Unable to set the path for webdriver executable.</arg>
<doc>Verifies that the given item is not empty.</doc>
<msg timestamp="20210815 20:32:30.748" level="INFO">Length is 103</msg>
<status status="PASS" starttime="20210815 20:32:30.748" endtime="20210815 20:32:30.748"/>
</kw>
<msg timestamp="20210815 20:32:30.748" level="INFO">${webdriver_exe} = /Users/anujteotia/Desktop/assignment-rf-selenium-pom/assignment-rf-selenium-pom/WebDrivers/chromedriver</msg>
<status status="PASS" starttime="20210815 20:32:30.743" endtime="20210815 20:32:30.748"/>
</kw>
<kw name="New Browser" library="Browser">
<arg>browser=${browser}</arg>
<arg>headless=False</arg>
<tag>BrowserControl</tag>
<tag>Setter</tag>
<doc>Create a new playwright Browser with specified options.
See `Browser, Context and Page` for more information about Browser and related concepts.</doc>
<msg timestamp="20210815 20:32:30.749" level="INFO">{"browser": "chromium", "headless": false, "handleSIGINT": true, "handleSIGTERM": true, "handleSIGHUP": true, "timeout": 30000.0, "devtools": false, "slowMo": 0.0, "tracesDir": "/Users/anujteotia/Desktop/assignment-rf-selenium-pom/assignment-rf-selenium-pom/browser/traces/4f41297c-701c-4450-9be4-86cc9644fa91"}</msg>
<msg timestamp="20210815 20:32:31.554" level="INFO">Successfully created browser with options: {"browser":"chromium","headless":false,"handleSIGINT":true,"handleSIGTERM":true,"handleSIGHUP":true,"timeout":30000,"devtools":false,"slowMo":0,"tracesDir":"/Users/anujteotia/Desktop/assignment-rf-selenium-pom/assignment-rf-selenium-pom/browser/traces/4f41297c-701c-4450-9be4-86cc9644fa91"}</msg>
<status status="PASS" starttime="20210815 20:32:30.749" endtime="20210815 20:32:31.554"/>
</kw>
<kw name="New Context" library="Browser">
<arg>httpCredentials={'username': '$basic_auth_user', 'password': '$basic_auth_pwd'}</arg>
<tag>BrowserControl</tag>
<tag>Setter</tag>
<doc>Create a new BrowserContext with specified options.</doc>
<msg timestamp="20210815 20:32:31.556" level="INFO">{"acceptDownloads": false, "ignoreHTTPSErrors": false, "bypassCSP": false, "deviceScaleFactor": 1.0, "isMobile": false, "hasTouch": false, "javaScriptEnabled": true, "offline": false, "httpCredentials": "XXX", "hideRfBrowser": false}</msg>
<msg timestamp="20210815 20:32:31.610" level="INFO">Successfully created context. </msg>
<msg timestamp="20210815 20:32:31.610" level="INFO">{'acceptDownloads': False, 'ignoreHTTPSErrors': False, 'bypassCSP': False, 'deviceScaleFactor': 1, 'isMobile': False, 'hasTouch': False, 'javaScriptEnabled': True, 'offline': False, 'httpCredentials': 'XXX', 'hideRfBrowser': False}</msg>
<status status="PASS" starttime="20210815 20:32:31.555" endtime="20210815 20:32:31.610"/>
</kw>
<kw name="New Page" library="Browser">
<arg>${url}</arg>
<tag>BrowserControl</tag>
<tag>Setter</tag>
<doc>Open a new Page. A Page is the Playwright equivalent to a tab.
See `Browser, Context and Page` for more information about Page concept.
Returns a stable identifier for the created page.</doc>
<msg timestamp="20210815 20:32:33.960" level="INFO">Successfully initialized new page object and opened url: https://qa-task.backbasecloud.com</msg>
<status status="PASS" starttime="20210815 20:32:31.610" endtime="20210815 20:32:33.961"/>
</kw>
<kw name="Sleep" library="BuiltIn">
<arg>5s</arg>
<doc>Pauses the test executed for the given time.</doc>
<msg timestamp="20210815 20:32:38.964" level="INFO">Slept 5 seconds</msg>
<status status="PASS" starttime="20210815 20:32:33.961" endtime="20210815 20:32:38.964"/>
</kw>
<status status="PASS" starttime="20210815 20:32:30.742" endtime="20210815 20:32:38.965"/>
</kw>
<doc>This test case validates Home Page</doc>
<tag>HOME_PAGE</tag>
<status status="PASS" starttime="20210815 20:32:30.739" endtime="20210815 20:32:38.965"/>
</test>
<status status="PASS" starttime="20210815 20:32:29.931" endtime="20210815 20:32:39.086"/>
</suite>
<statistics>
<total>
<stat pass="1" fail="0" skip="0">All Tests</stat>
</total>
<tag>
<stat pass="1" fail="0" skip="0">HOME_PAGE</stat>
</tag>
<suite>
<stat pass="1" fail="0" skip="0" id="s1" name="Home Page Test">Home Page Test</stat>
</suite>
</statistics>
<errors>
</errors>
</robot>
