<?xml version="1.0" encoding="UTF-8"?>
<robot generator="Robot 4.1 (Python 3.8.5 on darwin)" generated="20210816 16:27:03.241" rpa="false" schemaversion="2">
<suite id="s1" name="Profile Page Test" source="/Users/anujteotia/Desktop/assignment-rf-selenium-pom/assignment-rf-selenium-pom/Tests/profile_page_test.robot">
<test id="s1-t1" name="Register A User">
<kw name="Given I Open '${site_url}' in '${browser}' Browser" library="common_keywords" sourcename="I Open '${url}' in '${browser}' Browser">
<doc>This keyword opens given url in the browser of the choice.</doc>
<kw name="Set Executable Path For Different Platforms" library="common_keywords">
<var>${webdriver_exe}</var>
<arg>${browser}</arg>
<doc>This keyword sets the driver executable according to the platform i.e. Windows/MacOS</doc>
<kw name="Evaluate" library="BuiltIn">
<var>${system}</var>
<arg>platform.system()</arg>
<arg>platform</arg>
<doc>Evaluates the given expression in Python and returns the result.</doc>
<msg timestamp="20210816 16:27:04.617" level="INFO">${system} = Darwin</msg>
<status status="PASS" starttime="20210816 16:27:04.616" endtime="20210816 16:27:04.617"/>
</kw>
<kw name="Run Keyword If" library="BuiltIn">
<var>${webdriver_exe}</var>
<arg>'${system}'.lower() == 'windows'</arg>
<arg>Set Web Driver Executable Path For Windows</arg>
<arg>${browser}</arg>
<arg>ELSE IF</arg>
<arg>'${system}'.lower() == 'darwin'</arg>
<arg>Set Web Driver Executable Path For MacOS</arg>
<arg>${browser}</arg>
<doc>Runs the given keyword with the given arguments, if ``condition`` is true.</doc>
<kw name="Set Web Driver Executable Path For MacOS" library="common_keywords">
<arg>${browser}</arg>
<doc>This keyword sets the path for driver executable</doc>
<kw name="Run Keyword If" library="BuiltIn">
<var>${webdriver_exe}</var>
<arg>'${browser}'.lower() == 'chromium'</arg>
<arg>Set Variable</arg>
<arg>${mac_chrome_driver_exe}</arg>
<arg>ELSE IF</arg>
<arg>'${browser}'.lower() == 'firefox'</arg>
<arg>Set Variable</arg>
<arg>${mac_firefox_driver_exe}</arg>
<doc>Runs the given keyword with the given arguments, if ``condition`` is true.</doc>
<kw name="Set Variable" library="BuiltIn">
<arg>${mac_chrome_driver_exe}</arg>
<doc>Returns the given values which can then be assigned to a variables.</doc>
<status status="PASS" starttime="20210816 16:27:04.618" endtime="20210816 16:27:04.619"/>
</kw>
<msg timestamp="20210816 16:27:04.619" level="INFO">${webdriver_exe} = ${OUTPUTDIR}/WebDrivers/chromedriver</msg>
<status status="PASS" starttime="20210816 16:27:04.618" endtime="20210816 16:27:04.619"/>
</kw>
<kw name="Should Not Be Empty" library="BuiltIn">
<arg>${webdriver_exe}</arg>
<arg>msg=Unable to set the path for webdriver executable.</arg>
<doc>Verifies that the given item is not empty.</doc>
<msg timestamp="20210816 16:27:04.619" level="INFO">Length is 36</msg>
<status status="PASS" starttime="20210816 16:27:04.619" endtime="20210816 16:27:04.619"/>
</kw>
<status status="PASS" starttime="20210816 16:27:04.617" endtime="20210816 16:27:04.620"/>
</kw>
<msg timestamp="20210816 16:27:04.620" level="INFO">${webdriver_exe} = ${OUTPUTDIR}/WebDrivers/chromedriver</msg>
<status status="PASS" starttime="20210816 16:27:04.617" endtime="20210816 16:27:04.620"/>
</kw>
<kw name="Should Not Be Empty" library="BuiltIn">
<arg>${webdriver_exe}</arg>
<arg>msg=Unable to set the path for webdriver executable.</arg>
<doc>Verifies that the given item is not empty.</doc>
<msg timestamp="20210816 16:27:04.621" level="INFO">Length is 36</msg>
<status status="PASS" starttime="20210816 16:27:04.620" endtime="20210816 16:27:04.621"/>
</kw>
<msg timestamp="20210816 16:27:04.621" level="INFO">${webdriver_exe} = ${OUTPUTDIR}/WebDrivers/chromedriver</msg>
<status status="PASS" starttime="20210816 16:27:04.616" endtime="20210816 16:27:04.621"/>
</kw>
<kw name="New Browser" library="Browser">
<arg>browser=${browser}</arg>
<arg>headless=${headless_driver}</arg>
<tag>BrowserControl</tag>
<tag>Setter</tag>
<doc>Create a new playwright Browser with specified options.
See `Browser, Context and Page` for more information about Browser and related concepts.</doc>
<msg timestamp="20210816 16:27:04.623" level="INFO">{"browser": "chromium", "headless": false, "handleSIGINT": true, "handleSIGTERM": true, "handleSIGHUP": true, "timeout": 30000.0, "devtools": false, "slowMo": 0.0, "tracesDir": "/Users/anujteotia/Desktop/assignment-rf-selenium-pom/assignment-rf-selenium-pom/browser/traces/0d6fbdd6-b0d6-4c0b-8674-217b358cfb16"}</msg>
<msg timestamp="20210816 16:27:05.308" level="INFO">Successfully created browser with options: {"browser":"chromium","headless":false,"handleSIGINT":true,"handleSIGTERM":true,"handleSIGHUP":true,"timeout":30000,"devtools":false,"slowMo":0,"tracesDir":"/Users/anujteotia/Desktop/assignment-rf-selenium-pom/assignment-rf-selenium-pom/browser/traces/0d6fbdd6-b0d6-4c0b-8674-217b358cfb16"}</msg>
<status status="PASS" starttime="20210816 16:27:04.622" endtime="20210816 16:27:05.309"/>
</kw>
<kw name="Set Browser Timeout" library="Browser">
<arg>${browser_timeout}</arg>
<tag>Config</tag>
<tag>Setter</tag>
<doc>Sets the timeout used by most input and getter keywords.</doc>
<msg timestamp="20210816 16:27:05.320" level="INFO">No context open.</msg>
<status status="PASS" starttime="20210816 16:27:05.309" endtime="20210816 16:27:05.320"/>
</kw>
<kw name="New Context" library="Browser">
<arg>httpCredentials={'username': '$basic_auth_user', 'password': '$basic_auth_pwd'}</arg>
<tag>BrowserControl</tag>
<tag>Setter</tag>
<doc>Create a new BrowserContext with specified options.</doc>
<msg timestamp="20210816 16:27:05.323" level="INFO">{"acceptDownloads": false, "ignoreHTTPSErrors": false, "bypassCSP": false, "deviceScaleFactor": 1.0, "isMobile": false, "hasTouch": false, "javaScriptEnabled": true, "offline": false, "httpCredentials": "XXX", "hideRfBrowser": false}</msg>
<msg timestamp="20210816 16:27:05.399" level="INFO">Successfully created context. </msg>
<msg timestamp="20210816 16:27:05.399" level="INFO">{'acceptDownloads': False, 'ignoreHTTPSErrors': False, 'bypassCSP': False, 'deviceScaleFactor': 1, 'isMobile': False, 'hasTouch': False, 'javaScriptEnabled': True, 'offline': False, 'httpCredentials': 'XXX', 'hideRfBrowser': False}</msg>
<status status="PASS" starttime="20210816 16:27:05.320" endtime="20210816 16:27:05.399"/>
</kw>
<kw name="New Page" library="Browser">
<arg>${url}</arg>
<tag>BrowserControl</tag>
<tag>Setter</tag>
<doc>Open a new Page. A Page is the Playwright equivalent to a tab.
See `Browser, Context and Page` for more information about Page concept.
Returns a stable identifier for the created page.</doc>
<msg timestamp="20210816 16:27:08.198" level="INFO">Successfully initialized new page object and opened url: https://qa-task.backbasecloud.com</msg>
<status status="PASS" starttime="20210816 16:27:05.399" endtime="20210816 16:27:08.199"/>
</kw>
<kw name="Sleep" library="BuiltIn">
<arg>${sleep_time}</arg>
<doc>Pauses the test executed for the given time.</doc>
<msg timestamp="20210816 16:27:13.200" level="INFO">Slept 5 seconds</msg>
<status status="PASS" starttime="20210816 16:27:08.199" endtime="20210816 16:27:13.200"/>
</kw>
<status status="PASS" starttime="20210816 16:27:04.615" endtime="20210816 16:27:13.201"/>
</kw>
<kw name="When Validate Title In Home Page" library="home_page_keywords">
<doc>This keyword validates tile of the home page</doc>
<kw name="Get Title" library="Browser">
<var>${title}</var>
<arg>assertion_operator=should be</arg>
<arg>assertion_expected=Conduit</arg>
<arg>message=Unable to open Conduit homepage.</arg>
<tag>Assertion</tag>
<tag>Getter</tag>
<tag>PageContent</tag>
<doc>Returns the title of the current page.</doc>
<msg timestamp="20210816 16:27:13.222" level="INFO">${title} = Conduit</msg>
<status status="PASS" starttime="20210816 16:27:13.202" endtime="20210816 16:27:13.222"/>
</kw>
<kw name="Log" library="BuiltIn">
<arg>${title}</arg>
<doc>Logs the given message with the given level.</doc>
<msg timestamp="20210816 16:27:13.223" level="INFO">Conduit</msg>
<status status="PASS" starttime="20210816 16:27:13.223" endtime="20210816 16:27:13.223"/>
</kw>
<status status="PASS" starttime="20210816 16:27:13.201" endtime="20210816 16:27:13.223"/>
</kw>
<kw name="And Open Sign Up Page" library="home_page_keywords">
<doc>This keyword will click on sign up link in conduit home page</doc>
<kw name="Click" library="Browser">
<arg>selector=${sign_up_link}</arg>
<tag>PageContent</tag>
<tag>Setter</tag>
<doc>Simulates mouse click on the element found by ``selector``.</doc>
<status status="PASS" starttime="20210816 16:27:13.224" endtime="20210816 16:27:13.439"/>
</kw>
<status status="PASS" starttime="20210816 16:27:13.224" endtime="20210816 16:27:13.439"/>
</kw>
<kw name="Then Validate Register Url" library="profile_page_keywords">
<doc>This keyword validates tile of the home page</doc>
<kw name="Get Url" library="Browser">
<var>${url}</var>
<arg>assertion_operator=should end with</arg>
<arg>assertion_expected=register</arg>
<arg>message=Unable to open register page.</arg>
<tag>Assertion</tag>
<tag>Getter</tag>
<tag>PageContent</tag>
<doc>Returns the current URL.</doc>
<msg timestamp="20210816 16:27:13.444" level="INFO">${url} = https://qa-task.backbasecloud.com/register</msg>
<status status="PASS" starttime="20210816 16:27:13.440" endtime="20210816 16:27:13.445"/>
</kw>
<kw name="Log" library="BuiltIn">
<arg>${url}</arg>
<doc>Logs the given message with the given level.</doc>
<msg timestamp="20210816 16:27:13.446" level="INFO">https://qa-task.backbasecloud.com/register</msg>
<status status="PASS" starttime="20210816 16:27:13.445" endtime="20210816 16:27:13.446"/>
</kw>
<status status="PASS" starttime="20210816 16:27:13.439" endtime="20210816 16:27:13.446"/>
</kw>
<kw name="And Enter User Name" library="profile_page_keywords">
<arg>${username}</arg>
<doc>This keyword enter user name for sign up</doc>
<kw name="Fill Text" library="Browser">
<arg>selector=${username_txt_box}</arg>
<arg>txt=${username}</arg>
<tag>PageContent</tag>
<tag>Setter</tag>
<doc>Clears and fills the given ``txt`` into the text field found by ``selector``.</doc>
<msg timestamp="20210816 16:27:13.448" level="INFO">Fills the text 'candidatex1' in the given field.</msg>
<status status="PASS" starttime="20210816 16:27:13.447" endtime="20210816 16:27:13.522"/>
</kw>
<status status="PASS" starttime="20210816 16:27:13.447" endtime="20210816 16:27:13.522"/>
</kw>
<kw name="And Enter Email Id" library="profile_page_keywords">
<arg>${email_id}</arg>
<doc>This keyword enter email id for sign up</doc>
<kw name="Fill Text" library="Browser">
<arg>selector=${email_txt_box}</arg>
<arg>txt=${email_id}</arg>
<tag>PageContent</tag>
<tag>Setter</tag>
<doc>Clears and fills the given ``txt`` into the text field found by ``selector``.</doc>
<msg timestamp="20210816 16:27:13.525" level="INFO">Fills the text 'candidatex@gmail.com' in the given field.</msg>
<status status="PASS" starttime="20210816 16:27:13.524" endtime="20210816 16:27:13.586"/>
</kw>
<status status="PASS" starttime="20210816 16:27:13.523" endtime="20210816 16:27:13.587"/>
</kw>
<kw name="And Enter Password" library="profile_page_keywords">
<arg>${password}</arg>
<doc>This keyword enter password for sign up</doc>
<kw name="Fill Secret" library="Browser">
<arg>selector=${pwd_txt_box}</arg>
<arg>secret=$password</arg>
<tag>PageContent</tag>
<tag>Setter</tag>
<doc>Fills the given secret from ``variable_name`` into the
text field found by ``selector``.</doc>
<status status="PASS" starttime="20210816 16:27:13.588" endtime="20210816 16:27:13.649"/>
</kw>
<status status="PASS" starttime="20210816 16:27:13.587" endtime="20210816 16:27:13.649"/>
</kw>
<kw name="Then Click Sign Up Button" library="profile_page_keywords">
<doc>This keyword clicks on the sign up button</doc>
<kw name="Click" library="Browser">
<arg>selector=${sign_up_button}</arg>
<tag>PageContent</tag>
<tag>Setter</tag>
<doc>Simulates mouse click on the element found by ``selector``.</doc>
<status status="PASS" starttime="20210816 16:27:13.650" endtime="20210816 16:27:13.740"/>
</kw>
<status status="PASS" starttime="20210816 16:27:13.649" endtime="20210816 16:27:13.741"/>
</kw>
<kw name="Sleep" library="BuiltIn">
<arg>5s</arg>
<doc>Pauses the test executed for the given time.</doc>
<msg timestamp="20210816 16:27:18.742" level="INFO">Slept 5 seconds</msg>
<status status="PASS" starttime="20210816 16:27:13.741" endtime="20210816 16:27:18.742"/>
</kw>
<doc>This test case login using basic authentication and validates Home Page</doc>
<tag>HOME_PAGE</tag>
<status status="PASS" starttime="20210816 16:27:04.611" endtime="20210816 16:27:18.743"/>
</test>
<status status="PASS" starttime="20210816 16:27:03.243" endtime="20210816 16:27:18.944"/>
</suite>
<statistics>
<total>
<stat pass="1" fail="0" skip="0">All Tests</stat>
</total>
<tag>
<stat pass="1" fail="0" skip="0">HOME_PAGE</stat>
</tag>
<suite>
<stat pass="1" fail="0" skip="0" id="s1" name="Profile Page Test">Profile Page Test</stat>
</suite>
</statistics>
<errors>
</errors>
</robot>
